<?xml version="1.0" encoding="UTF-8"?>
<testsuite name="com.adpro.pembelian.BackendApplicationTests" tests="2" skipped="0" failures="0" errors="0" timestamp="2024-05-22T09:12:03" hostname="ISA17" time="8.111">
  <properties/>
  <testcase name="testSpringApplicationRun()" classname="com.adpro.pembelian.BackendApplicationTests" time="8.096"/>
  <testcase name="contextLoads()" classname="com.adpro.pembelian.BackendApplicationTests" time="0.013"/>
  <system-out><![CDATA[16:11:45.304 [Test worker] INFO org.springframework.test.context.support.AnnotationConfigContextLoaderUtils -- Could not detect default configuration classes for test class [com.adpro.pembelian.BackendApplicationTests]: BackendApplicationTests does not declare any static, non-private, non-final, nested classes annotated with @Configuration.
16:11:45.590 [Test worker] INFO org.springframework.boot.test.context.SpringBootTestContextBootstrapper -- Found @SpringBootConfiguration com.adpro.pembelian.BackendApplication for test class com.adpro.pembelian.BackendApplicationTests

  .   ____          _            __ _ _
 /\\ / ___'_ __ _ _(_)_ __  __ _ \ \ \ \
( ( )\___ | '_ | '_| | '_ \/ _` | \ \ \ \
 \\/  ___)| |_)| | | | | || (_| |  ) ) ) )
  '  |____| .__|_| |_|_| |_\__, | / / / /
 =========|_|==============|___/=/_/_/_/
 :: Spring Boot ::                (v3.2.4)

2024-05-22T16:11:46.374+07:00  INFO 26420 --- [    Test worker] c.a.pembelian.BackendApplicationTests    : Starting BackendApplicationTests using Java 21.0.2 with PID 26420 (started by isabu in C:\Users\isabu\Downloads\adpro-mastery\module-pembelian-adpro)
2024-05-22T16:11:46.377+07:00  INFO 26420 --- [    Test worker] c.a.pembelian.BackendApplicationTests    : No active profile set, falling back to 1 default profile: "default"
2024-05-22T16:11:48.567+07:00  INFO 26420 --- [    Test worker] .s.d.r.c.RepositoryConfigurationDelegate : Bootstrapping Spring Data JPA repositories in DEFAULT mode.
2024-05-22T16:11:48.866+07:00  INFO 26420 --- [    Test worker] .s.d.r.c.RepositoryConfigurationDelegate : Finished Spring Data repository scanning in 288 ms. Found 3 JPA repository interfaces.
2024-05-22T16:11:49.523+07:00  WARN 26420 --- [    Test worker] trationDelegate$BeanPostProcessorChecker : Bean 'org.springframework.ws.config.annotation.DelegatingWsConfiguration' of type [org.springframework.ws.config.annotation.DelegatingWsConfiguration$$SpringCGLIB$$0] is not eligible for getting processed by all BeanPostProcessors (for example: not eligible for auto-proxying). The currently created BeanPostProcessor [annotationActionEndpointMapping] is declared through a non-static factory method on that class; consider declaring it as static instead.
2024-05-22T16:11:49.583+07:00  INFO 26420 --- [    Test worker] .w.s.a.s.AnnotationActionEndpointMapping : Supporting [WS-Addressing August 2004, WS-Addressing 1.0]
2024-05-22T16:11:50.960+07:00  INFO 26420 --- [    Test worker] o.s.o.j.p.SpringPersistenceUnitInfo      : No LoadTimeWeaver setup: ignoring JPA class transformer
2024-05-22T16:11:51.025+07:00  INFO 26420 --- [    Test worker] com.zaxxer.hikari.HikariDataSource       : myHikariCP - Starting...
2024-05-22T16:11:53.604+07:00  INFO 26420 --- [    Test worker] com.zaxxer.hikari.pool.HikariPool        : myHikariCP - Added connection org.postgresql.jdbc.PgConnection@673a5d75
2024-05-22T16:11:53.608+07:00  INFO 26420 --- [    Test worker] com.zaxxer.hikari.HikariDataSource       : myHikariCP - Start completed.
2024-05-22T16:11:58.161+07:00  INFO 26420 --- [    Test worker] j.LocalContainerEntityManagerFactoryBean : Initialized JPA EntityManagerFactory for persistence unit 'default'
2024-05-22T16:11:59.780+07:00  WARN 26420 --- [    Test worker] JpaBaseConfiguration$JpaWebConfiguration : spring.jpa.open-in-view is enabled by default. Therefore, database queries may be performed during view rendering. Explicitly configure spring.jpa.open-in-view to disable this warning
2024-05-22T16:12:00.605+07:00  WARN 26420 --- [    Test worker] .s.s.UserDetailsServiceAutoConfiguration : 

Using generated security password: aecb4bac-8db6-4737-b335-2685ae966772

This generated password is for development use only. Your security configuration must be updated before running your application in production.

2024-05-22T16:12:01.184+07:00  INFO 26420 --- [    Test worker] o.s.b.a.e.web.EndpointLinksResolver      : Exposing 2 endpoint(s) beneath base path '/actuator'
2024-05-22T16:12:01.282+07:00  INFO 26420 --- [    Test worker] o.s.s.web.DefaultSecurityFilterChain     : Will secure any request with [org.springframework.security.web.session.DisableEncodeUrlFilter@5e038328, org.springframework.security.web.context.request.async.WebAsyncManagerIntegrationFilter@626b1ba9, org.springframework.security.web.context.SecurityContextHolderFilter@14d9458b, org.springframework.security.web.header.HeaderWriterFilter@67be4ad3, org.springframework.web.filter.CorsFilter@2be9fb14, org.springframework.security.web.authentication.logout.LogoutFilter@4fe0514e, org.springframework.security.web.savedrequest.RequestCacheAwareFilter@35f6893a, org.springframework.security.web.servletapi.SecurityContextHolderAwareRequestFilter@722291ea, org.springframework.security.web.authentication.AnonymousAuthenticationFilter@5438acaa, org.springframework.security.web.access.ExceptionTranslationFilter@1b5f061d]
2024-05-22T16:12:02.359+07:00  WARN 26420 --- [    Test worker] o.s.b.a.m.MustacheAutoConfiguration      : Cannot find template location: classpath:/templates/ (please add some templates, check your Mustache configuration, or set spring.mustache.check-template-location=false)
2024-05-22T16:12:02.502+07:00  WARN 26420 --- [    Test worker] ion$DefaultTemplateResolverConfiguration : Cannot find template location: classpath:/templates/ (please add some templates, check your Thymeleaf configuration, or set spring.thymeleaf.check-template-location=false)
2024-05-22T16:12:02.855+07:00  INFO 26420 --- [    Test worker] o.s.s.config.TaskSchedulerRouter         : No TaskScheduler/ScheduledExecutorService bean found for scheduled processing
2024-05-22T16:12:02.866+07:00  INFO 26420 --- [    Test worker] c.a.pembelian.BackendApplicationTests    : Started BackendApplicationTests in 16.985 seconds (process running for 20.027)

  .   ____          _            __ _ _
 /\\ / ___'_ __ _ _(_)_ __  __ _ \ \ \ \
( ( )\___ | '_ | '_| | '_ \/ _` | \ \ \ \
 \\/  ___)| |_)| | | | | || (_| |  ) ) ) )
  '  |____| .__|_| |_|_| |_\__, | / / / /
 =========|_|==============|___/=/_/_/_/
 :: Spring Boot ::                (v3.2.4)

2024-05-22T16:12:04.046+07:00  INFO 26420 --- [    Test worker] com.adpro.pembelian.BackendApplication   : Starting BackendApplication using Java 21.0.2 with PID 26420 (started by isabu in C:\Users\isabu\Downloads\adpro-mastery\module-pembelian-adpro)
2024-05-22T16:12:04.046+07:00  INFO 26420 --- [    Test worker] com.adpro.pembelian.BackendApplication   : No active profile set, falling back to 1 default profile: "default"
2024-05-22T16:12:04.537+07:00  INFO 26420 --- [    Test worker] .s.d.r.c.RepositoryConfigurationDelegate : Bootstrapping Spring Data JPA repositories in DEFAULT mode.
2024-05-22T16:12:04.572+07:00  INFO 26420 --- [    Test worker] .s.d.r.c.RepositoryConfigurationDelegate : Finished Spring Data repository scanning in 34 ms. Found 3 JPA repository interfaces.
2024-05-22T16:12:04.697+07:00  WARN 26420 --- [    Test worker] trationDelegate$BeanPostProcessorChecker : Bean 'org.springframework.ws.config.annotation.DelegatingWsConfiguration' of type [org.springframework.ws.config.annotation.DelegatingWsConfiguration$$SpringCGLIB$$0] is not eligible for getting processed by all BeanPostProcessors (for example: not eligible for auto-proxying). The currently created BeanPostProcessor [annotationActionEndpointMapping] is declared through a non-static factory method on that class; consider declaring it as static instead.
2024-05-22T16:12:04.701+07:00  INFO 26420 --- [    Test worker] .w.s.a.s.AnnotationActionEndpointMapping : Supporting [WS-Addressing August 2004, WS-Addressing 1.0]
2024-05-22T16:12:05.171+07:00  INFO 26420 --- [    Test worker] o.s.b.w.embedded.tomcat.TomcatWebServer  : Tomcat initialized with port 8080 (http)
2024-05-22T16:12:05.220+07:00  INFO 26420 --- [    Test worker] o.apache.catalina.core.StandardService   : Starting service [Tomcat]
2024-05-22T16:12:05.220+07:00  INFO 26420 --- [    Test worker] o.apache.catalina.core.StandardEngine    : Starting Servlet engine: [Apache Tomcat/10.1.19]
2024-05-22T16:12:05.396+07:00  INFO 26420 --- [    Test worker] o.a.c.c.C.[Tomcat].[localhost].[/]       : Initializing Spring embedded WebApplicationContext
2024-05-22T16:12:05.397+07:00  INFO 26420 --- [    Test worker] w.s.c.ServletWebServerApplicationContext : Root WebApplicationContext: initialization completed in 1346 ms
2024-05-22T16:12:05.717+07:00  INFO 26420 --- [    Test worker] o.s.o.j.p.SpringPersistenceUnitInfo      : No LoadTimeWeaver setup: ignoring JPA class transformer
2024-05-22T16:12:05.719+07:00  INFO 26420 --- [    Test worker] com.zaxxer.hikari.HikariDataSource       : myHikariCP - Starting...
2024-05-22T16:12:07.563+07:00  INFO 26420 --- [    Test worker] com.zaxxer.hikari.pool.HikariPool        : myHikariCP - Added connection org.postgresql.jdbc.PgConnection@36607a8b
2024-05-22T16:12:07.566+07:00  INFO 26420 --- [    Test worker] com.zaxxer.hikari.HikariDataSource       : myHikariCP - Start completed.
2024-05-22T16:12:09.842+07:00  INFO 26420 --- [    Test worker] j.LocalContainerEntityManagerFactoryBean : Initialized JPA EntityManagerFactory for persistence unit 'default'
2024-05-22T16:12:10.140+07:00  WARN 26420 --- [    Test worker] JpaBaseConfiguration$JpaWebConfiguration : spring.jpa.open-in-view is enabled by default. Therefore, database queries may be performed during view rendering. Explicitly configure spring.jpa.open-in-view to disable this warning
2024-05-22T16:12:10.347+07:00  WARN 26420 --- [    Test worker] .s.s.UserDetailsServiceAutoConfiguration : 

Using generated security password: 8bb49b90-e523-4261-b3e3-d34bcf5c12c6

This generated password is for development use only. Your security configuration must be updated before running your application in production.

2024-05-22T16:12:10.488+07:00  INFO 26420 --- [    Test worker] o.s.b.a.e.web.EndpointLinksResolver      : Exposing 3 endpoint(s) beneath base path '/actuator'
2024-05-22T16:12:10.529+07:00  INFO 26420 --- [    Test worker] o.s.s.web.DefaultSecurityFilterChain     : Will secure any request with [org.springframework.security.web.session.DisableEncodeUrlFilter@da066fb, org.springframework.security.web.context.request.async.WebAsyncManagerIntegrationFilter@4995e820, org.springframework.security.web.context.SecurityContextHolderFilter@30f1b3c2, org.springframework.security.web.header.HeaderWriterFilter@688b081a, org.springframework.web.filter.CorsFilter@540ad43b, org.springframework.security.web.authentication.logout.LogoutFilter@4b41f611, org.springframework.security.web.savedrequest.RequestCacheAwareFilter@e829a6a, org.springframework.security.web.servletapi.SecurityContextHolderAwareRequestFilter@38704a3f, org.springframework.security.web.authentication.AnonymousAuthenticationFilter@3f52817, org.springframework.security.web.access.ExceptionTranslationFilter@6c261557]
2024-05-22T16:12:10.906+07:00  WARN 26420 --- [    Test worker] o.s.b.a.m.MustacheAutoConfiguration      : Cannot find template location: classpath:/templates/ (please add some templates, check your Mustache configuration, or set spring.mustache.check-template-location=false)
2024-05-22T16:12:10.944+07:00  WARN 26420 --- [    Test worker] ion$DefaultTemplateResolverConfiguration : Cannot find template location: classpath:/templates/ (please add some templates, check your Thymeleaf configuration, or set spring.thymeleaf.check-template-location=false)
2024-05-22T16:12:11.085+07:00  INFO 26420 --- [    Test worker] o.s.b.w.embedded.tomcat.TomcatWebServer  : Tomcat started on port 8080 (http) with context path ''
2024-05-22T16:12:11.095+07:00  INFO 26420 --- [    Test worker] o.s.s.config.TaskSchedulerRouter         : No TaskScheduler/ScheduledExecutorService bean found for scheduled processing
2024-05-22T16:12:11.097+07:00  INFO 26420 --- [    Test worker] com.adpro.pembelian.BackendApplication   : Started BackendApplication in 7.096 seconds (process running for 28.259)
]]></system-out>
  <system-err><![CDATA[WARNING: A Java agent has been loaded dynamically (C:\Users\isabu\.gradle\caches\modules-2\files-2.1\net.bytebuddy\byte-buddy-agent\1.14.12\be4984cb6fd1ef1d11f218a648889dfda44b8a15\byte-buddy-agent-1.14.12.jar)
WARNING: If a serviceability tool is in use, please run with -XX:+EnableDynamicAgentLoading to hide this warning
WARNING: If a serviceability tool is not in use, please run with -Djdk.instrument.traceUsage for more information
WARNING: Dynamic loading of agents will be disallowed by default in a future release
]]></system-err>
</testsuite>
