<?xml version="1.0" encoding="UTF-8"?>
<testsuite name="com.adpro.pembelian.controller.OrderControllerTest" tests="10" skipped="0" failures="0" errors="0" timestamp="2024-05-22T09:12:12" hostname="ISA17" time="0.157">
  <properties/>
  <testcase name="viewUserOrdersFailedBcsUserNotFound()" classname="com.adpro.pembelian.controller.OrderControllerTest" time="0.094"/>
  <testcase name="viewOrderSuccess()" classname="com.adpro.pembelian.controller.OrderControllerTest" time="0.011"/>
  <testcase name="viewUserOrdersSuccess()" classname="com.adpro.pembelian.controller.OrderControllerTest" time="0.008"/>
  <testcase name="createOrderFailedBcsInvalidShipping()" classname="com.adpro.pembelian.controller.OrderControllerTest" time="0.006"/>
  <testcase name="removeOrderExists()" classname="com.adpro.pembelian.controller.OrderControllerTest" time="0.004"/>
  <testcase name="removeOrderNotExist()" classname="com.adpro.pembelian.controller.OrderControllerTest" time="0.005"/>
  <testcase name="createOrderFailedBcsUserNotFound()" classname="com.adpro.pembelian.controller.OrderControllerTest" time="0.004"/>
  <testcase name="createOrderFailedBcsProductEmpty()" classname="com.adpro.pembelian.controller.OrderControllerTest" time="0.004"/>
  <testcase name="createOrderSuccess()" classname="com.adpro.pembelian.controller.OrderControllerTest" time="0.004"/>
  <testcase name="viewOrderFailedBcsOrderNotExist()" classname="com.adpro.pembelian.controller.OrderControllerTest" time="0.003"/>
  <system-out><![CDATA[]]></system-out>
  <system-err><![CDATA[]]></system-err>
</testsuite>
