<?xml version="1.0" encoding="UTF-8"?>
<testsuite name="com.adpro.pembelian.service.APIVoucherServiceImplTest" tests="2" skipped="0" failures="0" errors="0" timestamp="2024-05-22T09:12:13" hostname="ISA17" time="0.152">
  <properties/>
  <testcase name="testGetVoucherPositive()" classname="com.adpro.pembelian.service.APIVoucherServiceImplTest" time="0.081"/>
  <testcase name="testGetVoucherNegative()" classname="com.adpro.pembelian.service.APIVoucherServiceImplTest" time="0.07"/>
  <system-out><![CDATA[]]></system-out>
  <system-err><![CDATA[]]></system-err>
</testsuite>
