<?xml version="1.0" encoding="UTF-8"?>
<testsuite name="com.adpro.pembelian.service.PurchaseServiceTest" tests="18" skipped="0" failures="0" errors="0" timestamp="2024-05-22T09:12:14" hostname="ISA17" time="0.642">
  <properties/>
  <testcase name="viewOrderSuccess()" classname="com.adpro.pembelian.service.PurchaseServiceTest" time="0.048"/>
  <testcase name="testRemovePurchaseRequestWhenOrderDoesNotExist()" classname="com.adpro.pembelian.service.PurchaseServiceTest" time="0.021"/>
  <testcase name="viewUserOrdersSuccess()" classname="com.adpro.pembelian.service.PurchaseServiceTest" time="0.018"/>
  <testcase name="testCreatePurchaseRequest_WithNullCartItems()" classname="com.adpro.pembelian.service.PurchaseServiceTest" time="0.013"/>
  <testcase name="createOrderFailedBcsInvalidShipping()" classname="com.adpro.pembelian.service.PurchaseServiceTest" time="0.018"/>
  <testcase name="removeOrderExists()" classname="com.adpro.pembelian.service.PurchaseServiceTest" time="0.014"/>
  <testcase name="removeOrderNotExist()" classname="com.adpro.pembelian.service.PurchaseServiceTest" time="0.016"/>
  <testcase name="createOrderFailedBcsUserNotFound()" classname="com.adpro.pembelian.service.PurchaseServiceTest" time="0.02"/>
  <testcase name="testCreatePurchaseRequest()" classname="com.adpro.pembelian.service.PurchaseServiceTest" time="0.157"/>
  <testcase name="testBuildOrderRequest_WithoutVoucherAndMoreThanFiveItems()" classname="com.adpro.pembelian.service.PurchaseServiceTest" time="0.018"/>
  <testcase name="createOrderFailedBcsProductEmpty()" classname="com.adpro.pembelian.service.PurchaseServiceTest" time="0.015"/>
  <testcase name="testSendTrackingOrder_Success()" classname="com.adpro.pembelian.service.PurchaseServiceTest" time="0.087"/>
  <testcase name="testRemovePurchaseRequestByUserId()" classname="com.adpro.pembelian.service.PurchaseServiceTest" time="0.013"/>
  <testcase name="viewOrderNotFound()" classname="com.adpro.pembelian.service.PurchaseServiceTest" time="0.013"/>
  <testcase name="testSendTrackingOrderWithNullOrderRequest()" classname="com.adpro.pembelian.service.PurchaseServiceTest" time="0.017"/>
  <testcase name="createOrderSuccess()" classname="com.adpro.pembelian.service.PurchaseServiceTest" time="0.012"/>
  <testcase name="viewUserOrdersUserNotFound()" classname="com.adpro.pembelian.service.PurchaseServiceTest" time="0.025"/>
  <testcase name="testBuildOrderRequest_WithVoucherAndMoreThanFiveItems()" classname="com.adpro.pembelian.service.PurchaseServiceTest" time="0.014"/>
  <system-out><![CDATA[2024-05-22T16:12:14.749+07:00  INFO 26420 --- [    Test worker] t.c.s.AnnotationConfigContextLoaderUtils : Could not detect default configuration classes for test class [com.adpro.pembelian.service.PurchaseServiceTest]: PurchaseServiceTest does not declare any static, non-private, non-final, nested classes annotated with @Configuration.
2024-05-22T16:12:14.754+07:00  INFO 26420 --- [    Test worker] .b.t.c.SpringBootTestContextBootstrapper : Found @SpringBootConfiguration com.adpro.pembelian.BackendApplication for test class com.adpro.pembelian.service.PurchaseServiceTest
ini resi kamu: GBK-URBOYGAD8025
order request: com.adpro.pembelian.model.entity.OrderWithVoucherEntity@533ffd47
HINDARI DEADLOCK
HEHEHE
HEHEHE
ini resi kamu: JTE-044014892061
order request: com.adpro.pembelian.model.entity.OrderWithVoucherEntity@7519e1d4
HINDARI DEADLOCK
HEHEHE
]]></system-out>
  <system-err><![CDATA[]]></system-err>
</testsuite>
