<?xml version="1.0" encoding="UTF-8"?>
<testsuite name="com.adpro.pembelian.controller.CartControllerTest" tests="9" skipped="0" failures="0" errors="0" timestamp="2024-05-22T09:12:11" hostname="ISA17" time="1.377">
  <properties/>
  <testcase name="updateCartItemOnShoppingCartNotExist()" classname="com.adpro.pembelian.controller.CartControllerTest" time="0.868"/>
  <testcase name="deleteCartItemFromShoppingCart_CartItemNotFound()" classname="com.adpro.pembelian.controller.CartControllerTest" time="0.026"/>
  <testcase name="getShoppingCartInformationExist()" classname="com.adpro.pembelian.controller.CartControllerTest" time="0.02"/>
  <testcase name="updateCartItemOnShoppingCart_Exception()" classname="com.adpro.pembelian.controller.CartControllerTest" time="0.005"/>
  <testcase name="createShoppingCart_CreationUserNotExist()" classname="com.adpro.pembelian.controller.CartControllerTest" time="0.398"/>
  <testcase name="createShoppingCart()" classname="com.adpro.pembelian.controller.CartControllerTest" time="0.011"/>
  <testcase name="deleteCartItemFromShoppingCart()" classname="com.adpro.pembelian.controller.CartControllerTest" time="0.008"/>
  <testcase name="getShoppingCartInformationNotExist()" classname="com.adpro.pembelian.controller.CartControllerTest" time="0.008"/>
  <testcase name="updateCartItemOnShoppingCart()" classname="com.adpro.pembelian.controller.CartControllerTest" time="0.004"/>
  <system-out><![CDATA[null
HELLO EVERYBODY
null
]]></system-out>
  <system-err><![CDATA[]]></system-err>
</testsuite>
