<?xml version="1.0" encoding="UTF-8"?>
<testsuite name="com.adpro.pembelian.model.CartItemTest" tests="12" skipped="0" failures="0" errors="0" timestamp="2024-05-22T09:12:13" hostname="ISA17" time="0.033">
  <properties/>
  <testcase name="testOrderAssociation()" classname="com.adpro.pembelian.model.CartItemTest" time="0.001"/>
  <testcase name="testSetPositivePrice()" classname="com.adpro.pembelian.model.CartItemTest" time="0.001"/>
  <testcase name="testToDTO()" classname="com.adpro.pembelian.model.CartItemTest" time="0.003"/>
  <testcase name="testParameterizedConstructor()" classname="com.adpro.pembelian.model.CartItemTest" time="0.001"/>
  <testcase name="testSetZeroQuantity()" classname="com.adpro.pembelian.model.CartItemTest" time="0.002"/>
  <testcase name="testFromDTO()" classname="com.adpro.pembelian.model.CartItemTest" time="0.001"/>
  <testcase name="testSetNegativeQuantity()" classname="com.adpro.pembelian.model.CartItemTest" time="0.002"/>
  <testcase name="testSetNegativePrice()" classname="com.adpro.pembelian.model.CartItemTest" time="0.001"/>
  <testcase name="testShoppingCartAssociation()" classname="com.adpro.pembelian.model.CartItemTest" time="0.002"/>
  <testcase name="testZeroPrice()" classname="com.adpro.pembelian.model.CartItemTest" time="0.002"/>
  <testcase name="testCalculateTotalPrice()" classname="com.adpro.pembelian.model.CartItemTest" time="0.001"/>
  <testcase name="testBuildCartItem()" classname="com.adpro.pembelian.model.CartItemTest" time="0.004"/>
  <system-out><![CDATA[]]></system-out>
  <system-err><![CDATA[]]></system-err>
</testsuite>
