<?xml version="1.0" encoding="UTF-8"?>
<testsuite name="com.adpro.pembelian.model.ProductTest" tests="6" skipped="0" failures="0" errors="0" timestamp="2024-05-22T09:12:13" hostname="ISA17" time="0.013">
  <properties/>
  <testcase name="testProductStockPositive()" classname="com.adpro.pembelian.model.ProductTest" time="0.001"/>
  <testcase name="testProductStockNegative()" classname="com.adpro.pembelian.model.ProductTest" time="0.003"/>
  <testcase name="testProductGetterSetter()" classname="com.adpro.pembelian.model.ProductTest" time="0.001"/>
  <testcase name="testProductPricePositive()" classname="com.adpro.pembelian.model.ProductTest" time="0.001"/>
  <testcase name="testProductPriceNegative()" classname="com.adpro.pembelian.model.ProductTest" time="0.002"/>
  <testcase name="testProductStockZero()" classname="com.adpro.pembelian.model.ProductTest" time="0.001"/>
  <system-out><![CDATA[]]></system-out>
  <system-err><![CDATA[]]></system-err>
</testsuite>
