<?xml version="1.0" encoding="UTF-8"?>
<testsuite name="com.adpro.pembelian.model.OrderTest" tests="8" skipped="0" failures="0" errors="0" timestamp="2024-05-22T09:12:13" hostname="ISA17" time="0.017">
  <properties/>
  <testcase name="testOrderWithVoucherConstructor()" classname="com.adpro.pembelian.model.OrderTest" time="0.002"/>
  <testcase name="testSetStrategy()" classname="com.adpro.pembelian.model.OrderTest" time="0.001"/>
  <testcase name="testGetTotalPrice()" classname="com.adpro.pembelian.model.OrderTest" time="0.001"/>
  <testcase name="testGetVoucher()" classname="com.adpro.pembelian.model.OrderTest" time="0.0"/>
  <testcase name="testPurchaseRequestWithVoucherTotalPrice()" classname="com.adpro.pembelian.model.OrderTest" time="0.0"/>
  <testcase name="testGetDecorator()" classname="com.adpro.pembelian.model.OrderTest" time="0.001"/>
  <testcase name="testSetData()" classname="com.adpro.pembelian.model.OrderTest" time="0.005"/>
  <testcase name="testOrdinaryPurchaseRequestTotalPrice()" classname="com.adpro.pembelian.model.OrderTest" time="0.001"/>
  <system-out><![CDATA[]]></system-out>
  <system-err><![CDATA[]]></system-err>
</testsuite>
