<?xml version="1.0" encoding="UTF-8"?>
<testsuite name="com.adpro.pembelian.service.ProductServiceTest" tests="4" skipped="0" failures="0" errors="0" timestamp="2024-05-22T09:12:14" hostname="ISA17" time="0.109">
  <properties/>
  <testcase name="testGetAllProductFromAPINotFound()" classname="com.adpro.pembelian.service.ProductServiceTest" time="0.027"/>
  <testcase name="testGetAllProductFromAPI()" classname="com.adpro.pembelian.service.ProductServiceTest" time="0.041"/>
  <testcase name="testGetProductFromAPI()" classname="com.adpro.pembelian.service.ProductServiceTest" time="0.012"/>
  <testcase name="testGetProductFromAPINotFound()" classname="com.adpro.pembelian.service.ProductServiceTest" time="0.015"/>
  <system-out><![CDATA[2024-05-22T16:12:14.564+07:00  INFO 26420 --- [    Test worker] t.c.s.AnnotationConfigContextLoaderUtils : Could not detect default configuration classes for test class [com.adpro.pembelian.service.ProductServiceTest]: ProductServiceTest does not declare any static, non-private, non-final, nested classes annotated with @Configuration.
2024-05-22T16:12:14.614+07:00  INFO 26420 --- [    Test worker] .b.t.c.SpringBootTestContextBootstrapper : Found @SpringBootConfiguration com.adpro.pembelian.BackendApplication for test class com.adpro.pembelian.service.ProductServiceTest
null
[{"id":"1","name":"Kursi","description":"","price":100,"discount":0,"brand":"Brand1","category":"Category1","image":"image1.jpg","quantity":10}]
]]></system-out>
  <system-err><![CDATA[]]></system-err>
</testsuite>
