<?xml version="1.0" encoding="UTF-8"?>
<testsuite name="com.adpro.pembelian.service.VoucherCartPricingStrategyTest" tests="1" skipped="0" failures="0" errors="0" timestamp="2024-05-22T09:12:15" hostname="ISA17" time="0.133">
  <properties/>
  <testcase name="testCalculateTotalPriceWithVoucher()" classname="com.adpro.pembelian.service.VoucherCartPricingStrategyTest" time="0.133"/>
  <system-out><![CDATA[]]></system-out>
  <system-err><![CDATA[]]></system-err>
</testsuite>
