<?xml version="1.0" encoding="UTF-8"?>
<testsuite name="com.adpro.pembelian.model.CustomerDetailsTest" tests="2" skipped="0" failures="0" errors="0" timestamp="2024-05-22T09:12:13" hostname="ISA17" time="0.003">
  <properties/>
  <testcase name="testConstructorAndGetters()" classname="com.adpro.pembelian.model.CustomerDetailsTest" time="0.001"/>
  <testcase name="testSetters()" classname="com.adpro.pembelian.model.CustomerDetailsTest" time="0.001"/>
  <system-out><![CDATA[]]></system-out>
  <system-err><![CDATA[]]></system-err>
</testsuite>
