<?xml version="1.0" encoding="UTF-8"?>
<testsuite name="com.adpro.pembelian.common.ShippingUtilityTest" tests="4" skipped="0" failures="0" errors="0" timestamp="2024-05-22T09:12:11" hostname="ISA17" time="0.019">
  <properties/>
  <testcase name="testGenerateTrackingCodeSiWuzz()" classname="com.adpro.pembelian.common.ShippingUtilityTest" time="0.009"/>
  <testcase name="testGenerateTrackingCodeGoBek()" classname="com.adpro.pembelian.common.ShippingUtilityTest" time="0.001"/>
  <testcase name="testGenerateTrackingCodeJTE()" classname="com.adpro.pembelian.common.ShippingUtilityTest" time="0.001"/>
  <testcase name="testGenerateTrackingCodeInvalidMethod()" classname="com.adpro.pembelian.common.ShippingUtilityTest" time="0.005"/>
  <system-out><![CDATA[]]></system-out>
  <system-err><![CDATA[]]></system-err>
</testsuite>
